2021-03-28 16:18:08,224 [INFO] Activator:170 - 


2021-03-28 16:18:08,225 [INFO] Activator:171 - !SESSION log4j initialized
2021-03-28 16:21:51,507 [INFO] McuFinderGlobals:40 - Set McuFinder mode to 2 (CubeIDE integrated)
2021-03-28 16:21:51,649 [INFO] ApplicationProperties:181 - Using Application install path: F:\ST\STM32CubeIDE_1.1.0\STM32CubeIDE\plugins\com.st.stm32cube.common.mx_6.1.0.202011121557
2021-03-28 16:21:51,656 [INFO] DbMcusXml:71 - Set database path to: F:\ST\STM32CubeIDE_1.1.0\STM32CubeIDE\plugins\com.st.stm32cube.common.mx_6.1.0.202011121557\\db\/mcu/
2021-03-28 16:21:51,658 [INFO] DbBoardsPdsc:57 - Set plugin database path to: F:\ST\STM32CubeIDE_1.1.0\STM32CubeIDE\plugins\com.st.stm32cube.common.mx_6.1.0.202011121557\\db\/plugins/boardmanager/
2021-03-28 16:21:51,659 [INFO] DbMcus:259 - Set plugin images path to: F:\ST\STM32CubeIDE_1.1.0\STM32CubeIDE\plugins\com.st.stm32cube.common.mx_6.1.0.202011121557\\db\/plugins/mcufinder/images/
2021-03-28 16:21:51,659 [INFO] DbBoards:265 - Set plugin images path to: F:\ST\STM32CubeIDE_1.1.0\STM32CubeIDE\plugins\com.st.stm32cube.common.mx_6.1.0.202011121557\\db\/plugins/mcufinder/images/
2021-03-28 16:21:51,661 [INFO] DbExamples:329 - Set plugin images path to: F:\ST\STM32CubeIDE_1.1.0\STM32CubeIDE\plugins\com.st.stm32cube.common.mx_6.1.0.202011121557\\db\/plugins/mcufinder/images/
2021-03-28 16:21:51,664 [INFO] DbMcusDocs:112 - Set database path to: C:\Users\Pragun\.stmcufinder\plugins\mcufinder//mcu/
2021-03-28 16:21:51,665 [INFO] DbMcusJson:63 - Set database path to: C:\Users\Pragun\.stmcufinder\plugins\mcufinder//mcu/
2021-03-28 16:21:51,666 [INFO] DbBoardsDocs:112 - Set database path to: C:\Users\Pragun\.stmcufinder\plugins\mcufinder//mcu/
2021-03-28 16:21:51,666 [INFO] DbBoardsJson:56 - Set database path to: C:\Users\Pragun\.stmcufinder\plugins\mcufinder//mcu/
2021-03-28 16:21:51,671 [INFO] CrossReferenceDbSqlite:196 - Set database path to: C:\Users\Pragun\.stmcufinder\plugins\mcufinder//mcu/cs/
2021-03-28 16:21:51,673 [INFO] DbExamplesSqlite:699 - Set database path to: C:\Users\Pragun\.stmcufinder\plugins\mcufinder//mcu/
2021-03-28 16:21:51,744 [INFO] RulesReader:52 - Compatibility file has been processed (228 Rules)
2021-03-28 16:21:51,815 [INFO] MicroXplorer:565 - Detected Java Version = 1.8.0_202
2021-03-28 16:21:51,815 [INFO] DbMcusXml:71 - Set database path to: F:\ST\STM32CubeIDE_1.1.0\STM32CubeIDE\plugins\com.st.stm32cube.common.mx_6.1.0.202011121557\\db\/mcu/
2021-03-28 16:21:51,816 [INFO] DbBoardsPdsc:57 - Set plugin database path to: F:\ST\STM32CubeIDE_1.1.0\STM32CubeIDE\plugins\com.st.stm32cube.common.mx_6.1.0.202011121557\\db\/plugins/boardmanager/
2021-03-28 16:21:51,816 [INFO] DbMcus:259 - Set plugin images path to: F:\ST\STM32CubeIDE_1.1.0\STM32CubeIDE\plugins\com.st.stm32cube.common.mx_6.1.0.202011121557\\db\/plugins/mcufinder/images/
2021-03-28 16:21:51,816 [INFO] DbBoards:265 - Set plugin images path to: F:\ST\STM32CubeIDE_1.1.0\STM32CubeIDE\plugins\com.st.stm32cube.common.mx_6.1.0.202011121557\\db\/plugins/mcufinder/images/
2021-03-28 16:21:51,816 [INFO] DbExamples:329 - Set plugin images path to: F:\ST\STM32CubeIDE_1.1.0\STM32CubeIDE\plugins\com.st.stm32cube.common.mx_6.1.0.202011121557\\db\/plugins/mcufinder/images/
2021-03-28 16:21:51,816 [WARN] DbFile:36 - Overriding database path with different value: C:\Users\Pragun\.stmcufinder\plugins\mcufinder/ => C:\Users\Pragun\.stmcufinder\plugins\mcufinder
2021-03-28 16:21:51,816 [INFO] DbMcusDocs:112 - Set database path to: C:\Users\Pragun\.stmcufinder\plugins\mcufinder//mcu/
2021-03-28 16:21:51,816 [WARN] DbFile:36 - Overriding database path with different value: C:\Users\Pragun\.stmcufinder\plugins\mcufinder/ => C:\Users\Pragun\.stmcufinder\plugins\mcufinder
2021-03-28 16:21:51,816 [INFO] DbMcusJson:63 - Set database path to: C:\Users\Pragun\.stmcufinder\plugins\mcufinder//mcu/
2021-03-28 16:21:51,817 [WARN] DbFile:36 - Overriding database path with different value: C:\Users\Pragun\.stmcufinder\plugins\mcufinder/ => C:\Users\Pragun\.stmcufinder\plugins\mcufinder
2021-03-28 16:21:51,817 [INFO] DbBoardsDocs:112 - Set database path to: C:\Users\Pragun\.stmcufinder\plugins\mcufinder//mcu/
2021-03-28 16:21:51,817 [WARN] DbFile:36 - Overriding database path with different value: C:\Users\Pragun\.stmcufinder\plugins\mcufinder/ => C:\Users\Pragun\.stmcufinder\plugins\mcufinder
2021-03-28 16:21:51,817 [INFO] DbBoardsJson:56 - Set database path to: C:\Users\Pragun\.stmcufinder\plugins\mcufinder//mcu/
2021-03-28 16:21:51,817 [WARN] DbFile:36 - Overriding database path with different value: C:\Users\Pragun\.stmcufinder\plugins\mcufinder/ => C:\Users\Pragun\.stmcufinder\plugins\mcufinder
2021-03-28 16:21:51,817 [WARN] DbFile:36 - Overriding database path with different value: C:\Users\Pragun\.stmcufinder\plugins\mcufinder/ => C:\Users\Pragun\.stmcufinder\plugins\mcufinder
2021-03-28 16:21:51,817 [INFO] CrossReferenceDbSqlite:196 - Set database path to: C:\Users\Pragun\.stmcufinder\plugins\mcufinder//mcu/cs/
2021-03-28 16:21:51,817 [WARN] DbFile:36 - Overriding database path with different value: C:\Users\Pragun\.stmcufinder\plugins\mcufinder/ => C:\Users\Pragun\.stmcufinder\plugins\mcufinder
2021-03-28 16:21:51,817 [INFO] DbExamplesSqlite:699 - Set database path to: C:\Users\Pragun\.stmcufinder\plugins\mcufinder//mcu/
2021-03-28 16:21:51,863 [INFO] MainPanel:190 - HeapMemory: 463470592
2021-03-28 16:21:51,900 [INFO] DbMcusXml:71 - Set database path to: F:\ST\STM32CubeIDE_1.1.0\STM32CubeIDE\plugins\com.st.stm32cube.common.mx_6.1.0.202011121557\\db\/mcu/
2021-03-28 16:21:51,900 [INFO] DbBoardsPdsc:57 - Set plugin database path to: F:\ST\STM32CubeIDE_1.1.0\STM32CubeIDE\plugins\com.st.stm32cube.common.mx_6.1.0.202011121557\\db\/plugins/boardmanager/
2021-03-28 16:21:51,900 [INFO] DbMcus:259 - Set plugin images path to: F:\ST\STM32CubeIDE_1.1.0\STM32CubeIDE\plugins\com.st.stm32cube.common.mx_6.1.0.202011121557\\db\/plugins/mcufinder/images/
2021-03-28 16:21:51,900 [INFO] DbBoards:265 - Set plugin images path to: F:\ST\STM32CubeIDE_1.1.0\STM32CubeIDE\plugins\com.st.stm32cube.common.mx_6.1.0.202011121557\\db\/plugins/mcufinder/images/
2021-03-28 16:21:51,900 [INFO] DbExamples:329 - Set plugin images path to: F:\ST\STM32CubeIDE_1.1.0\STM32CubeIDE\plugins\com.st.stm32cube.common.mx_6.1.0.202011121557\\db\/plugins/mcufinder/images/
2021-03-28 16:21:51,901 [WARN] DbFile:36 - Overriding database path with different value: C:\Users\Pragun\.stmcufinder\plugins\mcufinder/ => C:\Users\Pragun\.stmcufinder\plugins\mcufinder
2021-03-28 16:21:51,901 [INFO] DbMcusDocs:112 - Set database path to: C:\Users\Pragun\.stmcufinder\plugins\mcufinder//mcu/
2021-03-28 16:21:51,901 [WARN] DbFile:36 - Overriding database path with different value: C:\Users\Pragun\.stmcufinder\plugins\mcufinder/ => C:\Users\Pragun\.stmcufinder\plugins\mcufinder
2021-03-28 16:21:51,901 [INFO] DbMcusJson:63 - Set database path to: C:\Users\Pragun\.stmcufinder\plugins\mcufinder//mcu/
2021-03-28 16:21:51,901 [WARN] DbFile:36 - Overriding database path with different value: C:\Users\Pragun\.stmcufinder\plugins\mcufinder/ => C:\Users\Pragun\.stmcufinder\plugins\mcufinder
2021-03-28 16:21:51,901 [INFO] DbBoardsDocs:112 - Set database path to: C:\Users\Pragun\.stmcufinder\plugins\mcufinder//mcu/
2021-03-28 16:21:51,901 [WARN] DbFile:36 - Overriding database path with different value: C:\Users\Pragun\.stmcufinder\plugins\mcufinder/ => C:\Users\Pragun\.stmcufinder\plugins\mcufinder
2021-03-28 16:21:51,901 [INFO] DbBoardsJson:56 - Set database path to: C:\Users\Pragun\.stmcufinder\plugins\mcufinder//mcu/
2021-03-28 16:21:51,901 [WARN] DbFile:36 - Overriding database path with different value: C:\Users\Pragun\.stmcufinder\plugins\mcufinder/ => C:\Users\Pragun\.stmcufinder\plugins\mcufinder
2021-03-28 16:21:51,901 [WARN] DbFile:36 - Overriding database path with different value: C:\Users\Pragun\.stmcufinder\plugins\mcufinder/ => C:\Users\Pragun\.stmcufinder\plugins\mcufinder
2021-03-28 16:21:51,902 [INFO] CrossReferenceDbSqlite:196 - Set database path to: C:\Users\Pragun\.stmcufinder\plugins\mcufinder//mcu/cs/
2021-03-28 16:21:51,902 [WARN] DbFile:36 - Overriding database path with different value: C:\Users\Pragun\.stmcufinder\plugins\mcufinder/ => C:\Users\Pragun\.stmcufinder\plugins\mcufinder
2021-03-28 16:21:51,902 [INFO] DbExamplesSqlite:699 - Set database path to: C:\Users\Pragun\.stmcufinder\plugins\mcufinder//mcu/
2021-03-28 16:21:51,914 [INFO] ApplicationProperties:181 - Using Application install path: F:\ST\STM32CubeIDE_1.1.0\STM32CubeIDE\plugins\com.st.stm32cube.common.mx_6.1.0.202011121557
2021-03-28 16:21:51,915 [INFO] PluginManage:178 - Search for loadable plugins [exclusion list=, ]
2021-03-28 16:21:51,916 [INFO] PluginManage:292 - Check plugin analytics
2021-03-28 16:21:56,520 [INFO] AnalyticsPlugin:225 - Accepted Software Licenses: 
2021-03-28 16:21:56,520 [INFO] AnalyticsPlugin:227 - Accepted CMSIS Pack Licenses: 
2021-03-28 16:21:56,521 [INFO] AnalyticsPlugin:229 - Accepted Firmware Licenses: 
2021-03-28 16:21:56,521 [INFO] PluginManage:342 - Loaded plugin analytics (category:tool,tabindex:-1)
2021-03-28 16:21:56,521 [INFO] PluginManage:292 - Check plugin clock
2021-03-28 16:21:56,529 [INFO] PluginManage:342 - Loaded plugin clock (category:base,tabindex:2)
2021-03-28 16:21:56,529 [INFO] PluginManage:292 - Check plugin ddr
2021-03-28 16:21:56,531 [INFO] PluginManage:342 - Loaded plugin ddr (category:tool,tabindex:6)
2021-03-28 16:21:56,531 [INFO] PluginManage:292 - Check plugin filemanager
2021-03-28 16:21:56,612 [INFO] PluginManage:342 - Loaded plugin filemanager (category:base,tabindex:10)
2021-03-28 16:21:56,612 [INFO] PluginManage:292 - Check plugin ipmanager
2021-03-28 16:21:56,621 [INFO] PluginManage:342 - Loaded plugin ipmanager (category:base,tabindex:5)
2021-03-28 16:21:56,621 [INFO] PluginManage:292 - Check plugin pinoutandconfiguration
2021-03-28 16:21:56,627 [INFO] PluginManage:342 - Loaded plugin pinoutandconfiguration (category:base,tabindex:1)
2021-03-28 16:21:56,627 [INFO] PluginManage:292 - Check plugin pinoutconfig
2021-03-28 16:21:56,645 [INFO] PluginManage:342 - Loaded plugin pinoutconfig (category:base,tabindex:0)
2021-03-28 16:21:56,646 [INFO] PluginManage:292 - Check plugin power
2021-03-28 16:21:56,651 [INFO] PluginManage:342 - Loaded plugin power (category:power,tabindex:4)
2021-03-28 16:21:56,651 [INFO] PluginManage:292 - Check plugin projectmanager
2021-03-28 16:21:56,661 [INFO] PluginManage:342 - Loaded plugin projectmanager (category:projectmanager,tabindex:3)
2021-03-28 16:21:56,661 [INFO] PluginManage:292 - Check plugin thirdparty
2021-03-28 16:21:56,725 [INFO] PluginManage:342 - Loaded plugin thirdparty (category:base,tabindex:-1)
2021-03-28 16:21:56,725 [INFO] PluginManage:292 - Check plugin tools
2021-03-28 16:21:56,725 [WARN] IntegrityCheckThread:59 - waiting for thirdparty lock release [integrity check]
2021-03-28 16:21:56,726 [INFO] IntegrityCheckThread:61 - entering critical section [integrity check]
2021-03-28 16:21:56,726 [INFO] ThirdPartyUpdaterWithRetryManager:56 - Updater plugin not ready yet. [1/15]
2021-03-28 16:21:56,727 [INFO] PluginManage:342 - Loaded plugin tools (category:base,tabindex:7)
2021-03-28 16:21:56,727 [INFO] PluginManage:292 - Check plugin tutovideos
2021-03-28 16:21:56,859 [INFO] PluginManage:342 - Loaded plugin tutovideos (category:base,tabindex:-1)
2021-03-28 16:21:56,859 [INFO] PluginManage:292 - Check plugin updater
2021-03-28 16:21:56,867 [INFO] PluginManage:342 - Loaded plugin updater (category:base,tabindex:12)
2021-03-28 16:21:56,868 [INFO] PluginManage:265 - PluginManage : Loaded plugins [13]
2021-03-28 16:21:56,982 [INFO] PinOutPanel:1434 - setPackage(No Configuration,No Configuration)
2021-03-28 16:21:57,051 [INFO] IPUIPlugin:64 - create IPUIPlugin
2021-03-28 16:21:57,052 [INFO] PluginManager:203 - loadIPPluginJar : add adc
2021-03-28 16:21:57,053 [INFO] IPUIPlugin:64 - create IPUIPlugin
2021-03-28 16:21:57,053 [INFO] PluginManager:203 - loadIPPluginJar : add aes
2021-03-28 16:21:57,055 [INFO] IPUIPlugin:64 - create IPUIPlugin
2021-03-28 16:21:57,055 [INFO] PluginManager:203 - loadIPPluginJar : add can
2021-03-28 16:21:57,056 [INFO] IPUIPlugin:64 - create IPUIPlugin
2021-03-28 16:21:57,056 [INFO] PluginManager:203 - loadIPPluginJar : add comp
2021-03-28 16:21:57,057 [INFO] IPUIPlugin:64 - create IPUIPlugin
2021-03-28 16:21:57,057 [INFO] PluginManager:203 - loadIPPluginJar : add cryp
2021-03-28 16:21:57,059 [INFO] IPUIPlugin:64 - create IPUIPlugin
2021-03-28 16:21:57,059 [INFO] PluginManager:203 - loadIPPluginJar : add dfsdm
2021-03-28 16:21:57,062 [INFO] IPUIPlugin:64 - create IPUIPlugin
2021-03-28 16:21:57,062 [INFO] PluginManager:203 - loadIPPluginJar : add dma
2021-03-28 16:21:57,063 [INFO] IPUIPlugin:64 - create IPUIPlugin
2021-03-28 16:21:57,063 [INFO] PluginManager:203 - loadIPPluginJar : add fatfs
2021-03-28 16:21:57,066 [INFO] IPUIPlugin:64 - create IPUIPlugin
2021-03-28 16:21:57,066 [INFO] PluginManager:203 - loadIPPluginJar : add fmc
2021-03-28 16:21:57,069 [INFO] IPUIPlugin:64 - create IPUIPlugin
2021-03-28 16:21:57,069 [INFO] PluginManager:203 - loadIPPluginJar : add freertos
2021-03-28 16:21:57,070 [INFO] IPUIPlugin:64 - create IPUIPlugin
2021-03-28 16:21:57,070 [INFO] PluginManager:203 - loadIPPluginJar : add genericplugin
2021-03-28 16:21:57,071 [INFO] IPUIPlugin:64 - create IPUIPlugin
2021-03-28 16:21:57,071 [INFO] PluginManager:203 - loadIPPluginJar : add gfxmmu
2021-03-28 16:21:57,074 [INFO] IPUIPlugin:64 - create IPUIPlugin
2021-03-28 16:21:57,074 [INFO] PluginManager:203 - loadIPPluginJar : add gic
2021-03-28 16:21:57,076 [INFO] IPUIPlugin:64 - create IPUIPlugin
2021-03-28 16:21:57,076 [INFO] PluginManager:203 - loadIPPluginJar : add gpio
2021-03-28 16:21:57,078 [INFO] IPUIPlugin:64 - create IPUIPlugin
2021-03-28 16:21:57,078 [INFO] PluginManager:203 - loadIPPluginJar : add gtzc
2021-03-28 16:21:57,079 [INFO] IPUIPlugin:64 - create IPUIPlugin
2021-03-28 16:21:57,079 [INFO] PluginManager:203 - loadIPPluginJar : add hash
2021-03-28 16:21:57,080 [INFO] IPUIPlugin:64 - create IPUIPlugin
2021-03-28 16:21:57,080 [INFO] PluginManager:203 - loadIPPluginJar : add i2c
2021-03-28 16:21:57,082 [INFO] IPUIPlugin:64 - create IPUIPlugin
2021-03-28 16:21:57,082 [INFO] PluginManager:203 - loadIPPluginJar : add i2s
2021-03-28 16:21:57,083 [INFO] IPUIPlugin:64 - create IPUIPlugin
2021-03-28 16:21:57,083 [INFO] PluginManager:203 - loadIPPluginJar : add ipddr
2021-03-28 16:21:57,085 [INFO] IPUIPlugin:64 - create IPUIPlugin
2021-03-28 16:21:57,085 [INFO] PluginManager:203 - loadIPPluginJar : add lorawan
2021-03-28 16:21:57,102 [INFO] IPUIPlugin:64 - create IPUIPlugin
2021-03-28 16:21:57,102 [INFO] PluginManager:203 - loadIPPluginJar : add ltdc
2021-03-28 16:21:57,104 [INFO] IPUIPlugin:64 - create IPUIPlugin
2021-03-28 16:21:57,105 [INFO] PluginManager:203 - loadIPPluginJar : add mdma
2021-03-28 16:21:57,107 [INFO] IPUIPlugin:64 - create IPUIPlugin
2021-03-28 16:21:57,107 [INFO] PluginManager:203 - loadIPPluginJar : add nvic
2021-03-28 16:21:57,108 [INFO] IPUIPlugin:64 - create IPUIPlugin
2021-03-28 16:21:57,108 [INFO] PluginManager:203 - loadIPPluginJar : add opamp
2021-03-28 16:21:57,109 [INFO] IPUIPlugin:64 - create IPUIPlugin
2021-03-28 16:21:57,110 [INFO] PluginManager:203 - loadIPPluginJar : add openamp
2021-03-28 16:21:57,111 [INFO] IPUIPlugin:64 - create IPUIPlugin
2021-03-28 16:21:57,111 [INFO] PluginManager:203 - loadIPPluginJar : add pdm2pcm
2021-03-28 16:21:57,115 [INFO] IPUIPlugin:64 - create IPUIPlugin
2021-03-28 16:21:57,116 [INFO] PluginManager:203 - loadIPPluginJar : add plateformsettings
2021-03-28 16:21:57,117 [INFO] IPUIPlugin:64 - create IPUIPlugin
2021-03-28 16:21:57,117 [INFO] PluginManager:203 - loadIPPluginJar : add quadspi
2021-03-28 16:21:57,119 [INFO] IPUIPlugin:64 - create IPUIPlugin
2021-03-28 16:21:57,119 [INFO] PluginManager:203 - loadIPPluginJar : add resmgrutility
2021-03-28 16:21:57,121 [INFO] IPUIPlugin:64 - create IPUIPlugin
2021-03-28 16:21:57,121 [INFO] PluginManager:203 - loadIPPluginJar : add sai
2021-03-28 16:21:57,122 [INFO] IPUIPlugin:64 - create IPUIPlugin
2021-03-28 16:21:57,122 [INFO] PluginManager:203 - loadIPPluginJar : add spi
2021-03-28 16:21:57,124 [INFO] IPUIPlugin:64 - create IPUIPlugin
2021-03-28 16:21:57,124 [INFO] PluginManager:203 - loadIPPluginJar : add stm32_wpan
2021-03-28 16:21:57,125 [INFO] IPUIPlugin:64 - create IPUIPlugin
2021-03-28 16:21:57,125 [INFO] PluginManager:203 - loadIPPluginJar : add tim
2021-03-28 16:21:57,127 [INFO] IPUIPlugin:64 - create IPUIPlugin
2021-03-28 16:21:57,127 [INFO] PluginManager:203 - loadIPPluginJar : add touchsensing
2021-03-28 16:21:57,128 [INFO] IPUIPlugin:64 - create IPUIPlugin
2021-03-28 16:21:57,128 [INFO] PluginManager:203 - loadIPPluginJar : add tracer_emb
2021-03-28 16:21:57,129 [INFO] IPUIPlugin:64 - create IPUIPlugin
2021-03-28 16:21:57,129 [INFO] PluginManager:203 - loadIPPluginJar : add ts
2021-03-28 16:21:57,130 [INFO] IPUIPlugin:64 - create IPUIPlugin
2021-03-28 16:21:57,130 [INFO] PluginManager:203 - loadIPPluginJar : add tsc
2021-03-28 16:21:57,131 [INFO] IPUIPlugin:64 - create IPUIPlugin
2021-03-28 16:21:57,131 [INFO] PluginManager:203 - loadIPPluginJar : add ucpd
2021-03-28 16:21:57,132 [INFO] IPUIPlugin:64 - create IPUIPlugin
2021-03-28 16:21:57,132 [INFO] PluginManager:203 - loadIPPluginJar : add usart
2021-03-28 16:21:57,342 [FATAL] Updater:284 - Updater called before beeing initialized
2021-03-28 16:21:57,439 [FATAL] Updater:284 - Updater called before beeing initialized
2021-03-28 16:21:57,467 [WARN] DetailPanel:347 - Failed to get advertising image, set to default
2021-03-28 16:21:57,469 [FATAL] Updater:284 - Updater called before beeing initialized
2021-03-28 16:21:57,469 [WARN] DetailPanel:347 - Failed to get advertising image, set to default
2021-03-28 16:21:57,518 [FATAL] Updater:284 - Updater called before beeing initialized
2021-03-28 16:21:57,518 [WARN] ThirdParty:783 - waiting for thirdparty lock release [close project]
2021-03-28 16:21:59,729 [INFO] ThirdPartyUpdaterWithRetryManager:56 - Updater plugin not ready yet. [2/15]
2021-03-28 16:22:02,734 [FATAL] Updater:284 - Updater called before beeing initialized
2021-03-28 16:22:02,734 [ERROR] AbstractThirdPartyUpdaterManager:153 - java.lang.Integer cannot be cast to java.util.List
2021-03-28 16:22:02,734 [INFO] ThirdParty:887 - Integrity check success = false
2021-03-28 16:22:02,734 [INFO] IntegrityCheckThread:75 - exiting critical section [integrity check]
2021-03-28 16:22:02,734 [INFO] IntegrityCheckThread:78 - End integrity checks thread
2021-03-28 16:22:02,734 [INFO] ThirdParty:785 - entering critical section [close project]
2021-03-28 16:22:02,735 [INFO] ThirdParty:796 - exiting critical section [close project]
2021-03-28 16:22:02,737 [INFO] PinOutPanel:1434 - setPackage(No Configuration,No Configuration)
2021-03-28 16:22:02,737 [FATAL] Updater:284 - Updater called before beeing initialized
2021-03-28 16:22:02,741 [ERROR] Updater:1065 - MainUpdater not yet initialized. External WinMGr cannot be set.
2021-03-28 16:22:02,743 [INFO] Updater:1002 - Updater Version found : 6.1.0
2021-03-28 16:22:02,755 [INFO] ApplicationProperties:181 - Using Application install path: F:\ST\STM32CubeIDE_1.1.0\STM32CubeIDE\plugins\com.st.stm32cube.common.mx_6.1.0.202011121557
2021-03-28 16:22:02,861 [INFO] MainUpdater:2644 - connection check result : 10
2021-03-28 16:22:02,862 [INFO] MainUpdater:249 - Updater Check For Update Now.
2021-03-28 16:22:02,862 [INFO] MicroXplorer:415 - Change Database Version : DB.6.0.10
2021-03-28 16:22:02,885 [INFO] CheckServerUpdateThread:102 - End of CheckServer Thread
2021-03-28 16:22:02,974 [INFO] MainUpdater:2644 - connection check result : 10
2021-03-28 16:22:03,134 [INFO] CrossSelectorPresenter:1330 - Cross Selector saved comparison directory: C:\Users\Pragun\.stmcufinder\plugins\mcufinder\mcu\cs_comparisons_mx
2021-03-28 16:22:03,137 [INFO] MultiScanPanel:198 - Auto-refresh data requested => check proxy status ongoing
2021-03-28 16:22:03,140 [INFO] FinderPluginLoader:87 - Searching for filters in installed packs
2021-03-28 16:22:03,140 [INFO] DbMcusXml:97 - Load MCU database from F:\ST\STM32CubeIDE_1.1.0\STM32CubeIDE\plugins\com.st.stm32cube.common.mx_6.1.0.202011121557\\db\/mcu/families.xml
2021-03-28 16:22:03,503 [INFO] DbMcusJson:92 - JSON generation date=Mon Feb 08 08:35:07 EST 2021 (1612791307)
2021-03-28 16:22:03,950 [INFO] DbMcus:176 - Found 1835 MCUs (1796 are supported by CubeMX, 1804 are visible in CubeMX)
2021-03-28 16:22:03,951 [INFO] ApiDb:238 - Load user favorites file C:\Users\Pragun/.stm32cubeide/favorites.mcus.txt: 0 item(s)
2021-03-28 16:22:03,951 [INFO] ApiDb:242 - User favorites MCUs=[]
2021-03-28 16:22:03,951 [INFO] DbMcus:188 - Set 0 / 0 favorites MCUs
2021-03-28 16:22:04,189 [WARN] DetailPanel:347 - Failed to get advertising image, set to default
2021-03-28 16:22:04,363 [INFO] McuFilterPanel:245 - Update 0 favorites MCUs
2021-03-28 16:22:04,435 [INFO] DbBoardsPdsc:91 - Found 24 items
2021-03-28 16:22:04,437 [INFO] DbBoardsPdsc:91 - Found 9 items
2021-03-28 16:22:04,438 [INFO] DbBoardsPdsc:91 - Found 32 items
2021-03-28 16:22:04,439 [INFO] DbBoardsPdsc:91 - Found 1 items
2021-03-28 16:22:04,442 [INFO] DbBoardsPdsc:91 - Found 45 items
2021-03-28 16:22:04,446 [INFO] DbBoardsPdsc:91 - Found 41 items
2021-03-28 16:22:04,447 [INFO] DbBoardsPdsc:91 - Found 2 items
2021-03-28 16:22:04,448 [INFO] DbBoardsPdsc:91 - Found 4 items
2021-03-28 16:22:04,452 [WARN] DbBoardsPdsc:255 - Board STM32H7B3I-DK: unknown feature type=Audio, name=, username=Audio stereo codec with Headphone Amp (CS42L51-CNZ), n=1
2021-03-28 16:22:04,452 [WARN] DbBoardsPdsc:255 - Board STM32H735G-DK: unknown feature type=Audio, name=, username=Audio stereo codec with Headphone Amp (WM8994ECS/R), n=1
2021-03-28 16:22:04,453 [WARN] DbBoardsPdsc:255 - Board STM32H7B3I-EVAL: unknown feature type=Audio, name=, username=Multi-Channel Audio Codec (CS42L51-CNZ), n=1
2021-03-28 16:22:04,453 [WARN] DbBoardsPdsc:255 - Board STM32H7B3I-EVAL: unknown feature type=Meter, name=, username=Power-metering and Temperature-monitoring with sigma-delta modulators, n=1
2021-03-28 16:22:04,453 [WARN] DbBoardsPdsc:255 - Board STM32H7B3I-EVAL: unknown feature type=Motor, name=, username=Motor Control, n=1
2021-03-28 16:22:04,460 [INFO] DbBoardsJson:85 - JSON generation date=Thu Feb 04 11:53:45 EST 2021 (1612457625)
2021-03-28 16:22:04,463 [INFO] DbBoards:118 - Found 160 boards (155 are supported by CubeMX)
2021-03-28 16:22:04,467 [INFO] DbBoardsDocs:145 - JSON generation date=Mon Feb 08 08:35:07 EST 2021 (1612791307)
2021-03-28 16:22:04,479 [INFO] DbBoardsDocs:81 - Found 193 boards documents
2021-03-28 16:22:04,479 [WARN] DbBoards:128 - board B-L462E-CELL1 has no document id list !
2021-03-28 16:22:04,479 [WARN] DbBoards:128 - board B-L475E-IOT01A2 has no document id list !
2021-03-28 16:22:04,480 [WARN] DbBoards:128 - board NUCLEO-G0B1RE has no document id list !
2021-03-28 16:22:04,480 [WARN] DbBoards:128 - board NUCLEO-H743ZI2 has no document id list !
2021-03-28 16:22:04,481 [WARN] DbBoards:128 - board NUCLEO-L4A6ZG has no document id list !
2021-03-28 16:22:04,481 [WARN] DbBoards:128 - board NUCLEO-WB55RG has no document id list !
2021-03-28 16:22:04,481 [WARN] DbBoards:128 - board NUCLEO-WL55JC1 has no document id list !
2021-03-28 16:22:04,481 [WARN] DbBoards:128 - board NUCLEO-WL55JC2 has no document id list !
2021-03-28 16:22:04,481 [WARN] DbBoards:128 - board P-NUCLEO-WB55-Nucleo has no document id list !
2021-03-28 16:22:04,481 [WARN] DbBoards:128 - board P-NUCLEO-WB55-USBDongle has no document id list !
2021-03-28 16:22:04,481 [WARN] DbBoards:128 - board STEVAL-BFA001V1B has no document id list !
2021-03-28 16:22:04,481 [WARN] DbBoards:128 - board STEVAL-BFA001V2B has no document id list !
2021-03-28 16:22:04,481 [WARN] DbBoards:128 - board STEVAL-IDP005V1 has no document id list !
2021-03-28 16:22:04,481 [WARN] DbBoards:128 - board STEVAL-IDP005V2 has no document id list !
2021-03-28 16:22:04,481 [WARN] DbBoards:128 - board STEVAL-MKSBOX1V1 has no document id list !
2021-03-28 16:22:04,481 [WARN] DbBoards:128 - board STEVAL-STWINKT1 has no document id list !
2021-03-28 16:22:04,481 [WARN] DbBoards:128 - board STEVAL-STWINKT1B has no document id list !
2021-03-28 16:22:04,482 [WARN] DbBoards:128 - board STM32F401C-DISCO has no document id list !
2021-03-28 16:22:04,482 [WARN] DbBoards:128 - board STM32F769I-DISC1 has no document id list !
2021-03-28 16:22:04,482 [WARN] DbBoards:128 - board STM32G0C1E-EV has no document id list !
2021-03-28 16:22:04,482 [WARN] DbBoards:128 - board STM32G474E-EVAL1 has no document id list !
2021-03-28 16:22:04,482 [WARN] DbBoards:128 - board STM32H743I-EVAL2 has no document id list !
2021-03-28 16:22:04,483 [WARN] DbBoards:128 - board STM32H747I-DISC1 has no document id list !
2021-03-28 16:22:04,483 [WARN] DbBoards:128 - board STM32H753I-EVAL2 has no document id list !
2021-03-28 16:22:04,483 [WARN] DbBoards:128 - board STM32L-DISCOVERY has no document id list !
2021-03-28 16:22:04,483 [WARN] DbBoards:128 - board STM32MP157A-DK1 has no document id list !
2021-03-28 16:22:04,483 [WARN] DbBoards:128 - board STM32MP157F-DK2 has no document id list !
2021-03-28 16:22:04,484 [WARN] DbBoards:128 - board STM32MP157F-EV1 has no document id list !
2021-03-28 16:22:04,716 [ERROR] DbBoards:190 - Image file not found for board NUCLEO-WL55JC: F:\ST\STM32CubeIDE_1.1.0\STM32CubeIDE\plugins\com.st.stm32cube.common.mx_6.1.0.202011121557\\db\/plugins/mcufinder/images/boards/nucleo-wl55jc-small.jpg
2021-03-28 16:22:04,846 [ERROR] DbBoards:190 - Image file not found for board STEVAL-STWINKT1B: F:\ST\STM32CubeIDE_1.1.0\STM32CubeIDE\plugins\com.st.stm32cube.common.mx_6.1.0.202011121557\\db\/plugins/mcufinder/images/boards/steval-stwinkt1b_small.jpg
2021-03-28 16:22:05,118 [ERROR] DbBoards:190 - Image file not found for board STM32H7B3I-EVAL: F:\ST\STM32CubeIDE_1.1.0\STM32CubeIDE\plugins\com.st.stm32cube.common.mx_6.1.0.202011121557\\db\/plugins/mcufinder/images/boards/stm32h7b3ieval_small.jpg
2021-03-28 16:22:05,256 [INFO] ApiDb:238 - Load user favorites file C:\Users\Pragun/.stm32cubeide/favorites.boards.txt: 0 item(s)
2021-03-28 16:22:05,256 [INFO] ApiDb:242 - User favorites Boards=[]
2021-03-28 16:22:05,257 [INFO] DbBoards:207 - Set 0 / 0 favorites Boards
2021-03-28 16:23:38,184 [WARN] IntegrityCheckThread:59 - waiting for thirdparty lock release [integrity check]
2021-03-28 16:23:38,184 [INFO] IntegrityCheckThread:61 - entering critical section [integrity check]
2021-03-28 16:23:38,440 [INFO] ThirdParty:887 - Integrity check success = true
2021-03-28 16:23:38,440 [INFO] IntegrityCheckThread:75 - exiting critical section [integrity check]
2021-03-28 16:23:38,440 [INFO] IntegrityCheckThread:78 - End integrity checks thread
2021-03-28 16:23:53,590 [INFO] MainUpdater:2644 - connection check result : 10
2021-03-28 16:23:53,591 [INFO] MainUpdater:2644 - connection check result : 10
2021-03-28 16:23:53,616 [INFO] MicroXplorer:385 - Change Database Path : 
2021-03-28 16:23:53,617 [INFO] MicroXplorer:415 - Change Database Version : DB.6.0.10
2021-03-28 16:23:53,617 [WARN] ThirdParty:783 - waiting for thirdparty lock release [close project]
2021-03-28 16:23:53,617 [INFO] ThirdParty:785 - entering critical section [close project]
2021-03-28 16:23:53,617 [INFO] ThirdParty:796 - exiting critical section [close project]
2021-03-28 16:23:53,618 [INFO] PinOutPanel:1434 - setPackage(No Configuration,No Configuration)
2021-03-28 16:23:53,619 [INFO] UtilMem:74 - Begin LoadConfig() Used Memory: 394619008 Bytes (570425344)
2021-03-28 16:23:53,622 [INFO] MicroXplorer:385 - Change Database Path : C:/Users/Pragun/.stm32cubemx/databases/DB.5.0.40/db/
2021-03-28 16:23:53,623 [INFO] MicroXplorer:415 - Change Database Version : DB.5.0.40
2021-03-28 16:23:53,623 [INFO] LogOutputStream:76 - [STDOUT_REDIRECT] *****Project Manager Settings
2021-03-28 16:24:11,080 [INFO] OpenFileManager:274 - Change cursor
2021-03-28 16:24:11,081 [WARN] ThirdParty:204 - Use empty third party IP manager
2021-03-28 16:24:12,016 [WARN] ApiManager:294 - Cannot register API 'Board Extension:S2868A1' from pack STMicroelectronics.X-CUBE-SFXS2LP1.3.0.0: no header file found
2021-03-28 16:24:12,017 [WARN] ApiManager:294 - Cannot register API 'Board Extension:S2868A2' from pack STMicroelectronics.X-CUBE-SFXS2LP1.3.0.0: no header file found
2021-03-28 16:24:12,017 [WARN] ApiManager:294 - Cannot register API 'Board Extension:S2915A1' from pack STMicroelectronics.X-CUBE-SFXS2LP1.3.0.0: no header file found
2021-03-28 16:24:12,020 [WARN] ApiManager:294 - Cannot register API 'Board Extension:S2868A1' from pack STMicroelectronics.X-CUBE-SUBG2.3.0.1: no header file found
2021-03-28 16:24:12,021 [WARN] ApiManager:294 - Cannot register API 'Board Extension:S2868A2' from pack STMicroelectronics.X-CUBE-SUBG2.3.0.1: no header file found
2021-03-28 16:24:12,021 [WARN] ApiManager:294 - Cannot register API 'Board Extension:S2915A1' from pack STMicroelectronics.X-CUBE-SUBG2.3.0.1: no header file found
2021-03-28 16:24:12,025 [WARN] ModelIntegratedComponent:51 - No mode defined for component null
2021-03-28 16:24:12,025 [WARN] ModelIntegratedComponent:51 - No mode defined for component null
2021-03-28 16:24:12,025 [WARN] ModelIntegratedComponent:51 - No mode defined for component null
2021-03-28 16:24:12,025 [WARN] ModelIntegratedComponent:51 - No mode defined for component null
2021-03-28 16:24:12,025 [WARN] ModelIntegratedComponent:51 - No mode defined for component null
2021-03-28 16:24:12,025 [WARN] ModelIntegratedComponent:51 - No mode defined for component null
2021-03-28 16:24:12,025 [WARN] ModelIntegratedComponent:51 - No mode defined for component null
2021-03-28 16:24:12,025 [WARN] ModelIntegratedComponent:51 - No mode defined for component null
2021-03-28 16:24:12,025 [WARN] ModelIntegratedComponent:51 - No mode defined for component null
2021-03-28 16:24:12,025 [WARN] ModelIntegratedComponent:51 - No mode defined for component null
2021-03-28 16:24:12,026 [WARN] ModelIntegratedComponent:51 - No mode defined for component null
2021-03-28 16:24:12,026 [WARN] ModelIntegratedComponent:51 - No mode defined for component null
2021-03-28 16:24:12,026 [WARN] ModelIntegratedComponent:51 - No mode defined for component null
2021-03-28 16:24:12,026 [WARN] ModelIntegratedComponent:51 - No mode defined for component null
2021-03-28 16:24:12,026 [WARN] ModelIntegratedComponent:51 - No mode defined for component null
2021-03-28 16:24:12,026 [WARN] ModelIntegratedComponent:51 - No mode defined for component null
2021-03-28 16:24:12,026 [WARN] ModelIntegratedComponent:51 - No mode defined for component null
2021-03-28 16:24:12,026 [WARN] ModelIntegratedComponent:51 - No mode defined for component null
2021-03-28 16:24:12,026 [WARN] ModelIntegratedComponent:51 - No mode defined for component null
2021-03-28 16:24:12,026 [WARN] ModelIntegratedComponent:51 - No mode defined for component null
2021-03-28 16:24:12,026 [WARN] ModelIntegratedComponent:51 - No mode defined for component null
2021-03-28 16:24:12,026 [WARN] ModelIntegratedComponent:51 - No mode defined for component null
2021-03-28 16:24:12,026 [WARN] ModelIntegratedComponent:51 - No mode defined for component null
2021-03-28 16:24:12,026 [WARN] ModelIntegratedComponent:51 - No mode defined for component null
2021-03-28 16:24:12,027 [WARN] ModelIntegratedComponent:51 - No mode defined for component null
2021-03-28 16:24:12,027 [WARN] ModelIntegratedComponent:51 - No mode defined for component null
2021-03-28 16:24:12,027 [WARN] ModelIntegratedComponent:51 - No mode defined for component null
2021-03-28 16:24:12,027 [WARN] ModelIntegratedComponent:51 - No mode defined for component null
2021-03-28 16:24:12,027 [WARN] ModelIntegratedComponent:51 - No mode defined for component null
2021-03-28 16:24:12,027 [WARN] ModelIntegratedComponent:51 - No mode defined for component null
2021-03-28 16:24:12,027 [WARN] ModelIntegratedComponent:51 - No mode defined for component null
2021-03-28 16:24:12,027 [WARN] ModelIntegratedComponent:51 - No mode defined for component null
2021-03-28 16:24:12,027 [WARN] ModelIntegratedComponent:51 - No mode defined for component null
2021-03-28 16:24:12,027 [WARN] ModelIntegratedComponent:51 - No mode defined for component null
2021-03-28 16:24:12,027 [WARN] ModelIntegratedComponent:51 - No mode defined for component null
2021-03-28 16:24:12,027 [WARN] ModelIntegratedComponent:51 - No mode defined for component null
2021-03-28 16:24:12,027 [WARN] ModelIntegratedComponent:51 - No mode defined for component null
2021-03-28 16:24:12,027 [WARN] ModelIntegratedComponent:51 - No mode defined for component null
2021-03-28 16:24:12,031 [WARN] ApiManager:294 - Cannot register API 'Board Extension:S2868A1' from pack STMicroelectronics.X-CUBE-SUBG2.4.0.0: no header file found
2021-03-28 16:24:12,031 [WARN] ApiManager:294 - Cannot register API 'Board Extension:S2868A2' from pack STMicroelectronics.X-CUBE-SUBG2.4.0.0: no header file found
2021-03-28 16:24:12,031 [WARN] ApiManager:294 - Cannot register API 'Board Extension:S2915A1' from pack STMicroelectronics.X-CUBE-SUBG2.4.0.0: no header file found
2021-03-28 16:24:12,115 [WARN] ApiManager:294 - Cannot register API 'Board Extension:IKS01A3' from pack STMicroelectronics.X-CUBE-MEMS1.8.2.0: no header file found
2021-03-28 16:24:12,115 [WARN] ApiManager:294 - Cannot register API 'Board Extension:IKS01A2' from pack STMicroelectronics.X-CUBE-MEMS1.8.2.0: no header file found
2021-03-28 16:24:12,115 [WARN] ApiManager:294 - Cannot register API 'Board Extension:IKS02A1' from pack STMicroelectronics.X-CUBE-MEMS1.8.2.0: no header file found
2021-03-28 16:24:12,122 [INFO] RtosManager:464 - Registered RTOS mode: class=CMSIS, group=RTOS, mode=CMSIS_V1, owner=FREERTOS
2021-03-28 16:24:12,122 [INFO] RtosManager:464 - Registered RTOS mode: class=CMSIS, group=RTOS2, mode=CMSIS_V2, owner=FREERTOS
2021-03-28 16:24:12,122 [INFO] RtosManager:464 - Registered RTOS mode: class=RTOS, group=Core, mode=CMSIS_V1, owner=FREERTOS
2021-03-28 16:24:12,122 [INFO] RtosManager:464 - Registered RTOS mode: class=RTOS, group=Core, mode=CMSIS_V2, owner=FREERTOS
2021-03-28 16:24:12,122 [WARN] ModelIntegratedComponent:182 - Missing modes for component STMicroelectronics:FreeRTOS:0.0.1:STMicroelectronics:RTOS:FreeRTOS:Core:::10.2.0:
2021-03-28 16:24:12,123 [WARN] ModelIntegratedComponent:180 - Modes not found for component STMicroelectronics:USB_DEVICE:1.0.0:STMicroelectronics:USB::USB Device:Audio HS::1.0:USB_DEVICE_1_0_RESTRICTED_HS
2021-03-28 16:24:12,123 [WARN] ModelIntegratedComponent:186 - Modes not found for component STMicroelectronics:USB_DEVICE:1.0.0:STMicroelectronics:USB::USB Device:Audio HS::1.0:USB_DEVICE_1_0_RESTRICTED_HS
2021-03-28 16:24:12,123 [WARN] ModelIntegratedComponent:180 - Modes not found for component STMicroelectronics:USB_DEVICE:1.0.0:STMicroelectronics:USB::USB Device:CDC HS::1.0:USB_DEVICE_1_0_RESTRICTED_HS
2021-03-28 16:24:12,123 [WARN] ModelIntegratedComponent:186 - Modes not found for component STMicroelectronics:USB_DEVICE:1.0.0:STMicroelectronics:USB::USB Device:CDC HS::1.0:USB_DEVICE_1_0_RESTRICTED_HS
2021-03-28 16:24:12,123 [WARN] ModelIntegratedComponent:180 - Modes not found for component STMicroelectronics:USB_DEVICE:1.0.0:STMicroelectronics:USB::USB Device:DFU HS::1.0:USB_DEVICE_1_0_RESTRICTED_HS
2021-03-28 16:24:12,123 [WARN] ModelIntegratedComponent:186 - Modes not found for component STMicroelectronics:USB_DEVICE:1.0.0:STMicroelectronics:USB::USB Device:DFU HS::1.0:USB_DEVICE_1_0_RESTRICTED_HS
2021-03-28 16:24:12,123 [WARN] ModelIntegratedComponent:180 - Modes not found for component STMicroelectronics:USB_DEVICE:1.0.0:STMicroelectronics:USB::USB Device:HID HS::1.0:USB_DEVICE_1_0_RESTRICTED_HS
2021-03-28 16:24:12,123 [WARN] ModelIntegratedComponent:186 - Modes not found for component STMicroelectronics:USB_DEVICE:1.0.0:STMicroelectronics:USB::USB Device:HID HS::1.0:USB_DEVICE_1_0_RESTRICTED_HS
2021-03-28 16:24:12,123 [WARN] ModelIntegratedComponent:180 - Modes not found for component STMicroelectronics:USB_DEVICE:1.0.0:STMicroelectronics:USB::USB Device:Custom HID HS::1.0:USB_DEVICE_1_0_RESTRICTED_HS
2021-03-28 16:24:12,123 [WARN] ModelIntegratedComponent:186 - Modes not found for component STMicroelectronics:USB_DEVICE:1.0.0:STMicroelectronics:USB::USB Device:Custom HID HS::1.0:USB_DEVICE_1_0_RESTRICTED_HS
2021-03-28 16:24:12,123 [WARN] ModelIntegratedComponent:180 - Modes not found for component STMicroelectronics:USB_DEVICE:1.0.0:STMicroelectronics:USB::USB Device:MSC HS::1.0:USB_DEVICE_1_0_RESTRICTED_HS
2021-03-28 16:24:12,123 [WARN] ModelIntegratedComponent:186 - Modes not found for component STMicroelectronics:USB_DEVICE:1.0.0:STMicroelectronics:USB::USB Device:MSC HS::1.0:USB_DEVICE_1_0_RESTRICTED_HS
2021-03-28 16:24:12,124 [WARN] ApiManager:294 - Cannot register API 'Board Extension:GNSS1A1' from pack STMicroelectronics.X-CUBE-GNSS1.5.2.0: no header file found
2021-03-28 16:24:12,124 [WARN] ApiManager:294 - Cannot register API 'Board Support:Custom' from pack STMicroelectronics.X-CUBE-GNSS1.5.2.0: no header file found
2021-03-28 16:24:12,124 [WARN] ApiManager:294 - Cannot register API 'Data Exchange:lib_gnss' from pack STMicroelectronics.X-CUBE-GNSS1.5.2.0: no header file found
2021-03-28 16:24:12,125 [WARN] ModelIntegratedComponent:180 - Modes not found for component STMicroelectronics:USB_HOST:1.0.0:STMicroelectronics:USB::USB Host:Audio HS::1.0:USB_HOST_1_0_RESTRICTED_HS
2021-03-28 16:24:12,125 [WARN] ModelIntegratedComponent:186 - Modes not found for component STMicroelectronics:USB_HOST:1.0.0:STMicroelectronics:USB::USB Host:Audio HS::1.0:USB_HOST_1_0_RESTRICTED_HS
2021-03-28 16:24:12,125 [WARN] ModelIntegratedComponent:180 - Modes not found for component STMicroelectronics:USB_HOST:1.0.0:STMicroelectronics:USB::USB Host:CDC HS::1.0:USB_HOST_1_0_RESTRICTED_HS
2021-03-28 16:24:12,125 [WARN] ModelIntegratedComponent:186 - Modes not found for component STMicroelectronics:USB_HOST:1.0.0:STMicroelectronics:USB::USB Host:CDC HS::1.0:USB_HOST_1_0_RESTRICTED_HS
2021-03-28 16:24:12,125 [WARN] ModelIntegratedComponent:180 - Modes not found for component STMicroelectronics:USB_HOST:1.0.0:STMicroelectronics:USB::USB Host:MSC HS::1.0:USB_HOST_1_0_RESTRICTED_HS
2021-03-28 16:24:12,125 [WARN] ModelIntegratedComponent:186 - Modes not found for component STMicroelectronics:USB_HOST:1.0.0:STMicroelectronics:USB::USB Host:MSC HS::1.0:USB_HOST_1_0_RESTRICTED_HS
2021-03-28 16:24:12,125 [WARN] ModelIntegratedComponent:180 - Modes not found for component STMicroelectronics:USB_HOST:1.0.0:STMicroelectronics:USB::USB Host:HID HS::1.0:USB_HOST_1_0_RESTRICTED_HS
2021-03-28 16:24:12,125 [WARN] ModelIntegratedComponent:186 - Modes not found for component STMicroelectronics:USB_HOST:1.0.0:STMicroelectronics:USB::USB Host:HID HS::1.0:USB_HOST_1_0_RESTRICTED_HS
2021-03-28 16:24:12,125 [WARN] ModelIntegratedComponent:180 - Modes not found for component STMicroelectronics:USB_HOST:1.0.0:STMicroelectronics:USB::USB Host:MTP HS::1.0:USB_HOST_1_0_RESTRICTED_HS
2021-03-28 16:24:12,125 [WARN] ModelIntegratedComponent:186 - Modes not found for component STMicroelectronics:USB_HOST:1.0.0:STMicroelectronics:USB::USB Host:MTP HS::1.0:USB_HOST_1_0_RESTRICTED_HS
2021-03-28 16:24:12,126 [WARN] ApiManager:294 - Cannot register API 'Board Extension:NFC04A1' from pack STMicroelectronics.X-CUBE-NFC4.2.0.2: no header file found
2021-03-28 16:24:12,127 [WARN] ApiManager:294 - Cannot register API 'Wireless:BlueNRG-2' from pack STMicroelectronics.X-CUBE-BLE2.3.2.0: no header file found
2021-03-28 16:24:12,291 [INFO] ImportTextPane:162 - (OptionalMessage_ERROR) IP (DMA) : Parameter (Instance) has Id (SPI1_RX) currently not set
2021-03-28 16:24:12,292 [INFO] ImportTextPane:162 - (OptionalMessage_ERROR) IP (DMA) : Parameter (Channel) has Id (SPI1_RX) currently not set
2021-03-28 16:24:12,292 [INFO] ImportTextPane:162 - (OptionalMessage_ERROR) IP (DMA) : Parameter (Direction) has Id (SPI1_RX) currently not set
2021-03-28 16:24:12,292 [INFO] ImportTextPane:162 - (OptionalMessage_ERROR) IP (DMA) : Parameter (PeriphInc) has Id (SPI1_RX) currently not set
2021-03-28 16:24:12,292 [INFO] ImportTextPane:162 - (OptionalMessage_ERROR) IP (DMA) : Parameter (MemInc) has Id (SPI1_RX) currently not set
2021-03-28 16:24:12,292 [INFO] ImportTextPane:162 - (OptionalMessage_ERROR) IP (DMA) : Parameter (PeriphDataAlignment) has Id (SPI1_RX) currently not set
2021-03-28 16:24:12,292 [INFO] ImportTextPane:162 - (OptionalMessage_ERROR) IP (DMA) : Parameter (MemDataAlignment) has Id (SPI1_RX) currently not set
2021-03-28 16:24:12,292 [INFO] ImportTextPane:162 - (OptionalMessage_ERROR) IP (DMA) : Parameter (Mode) has Id (SPI1_RX) currently not set
2021-03-28 16:24:12,292 [INFO] ImportTextPane:162 - (OptionalMessage_ERROR) IP (DMA) : Parameter (Priority) has Id (SPI1_RX) currently not set
2021-03-28 16:24:12,293 [INFO] ImportTextPane:162 - (OptionalMessage_ERROR) IP (DMA) : Parameter (FIFOMode) has Id (SPI1_RX) currently not set
2021-03-28 16:24:12,293 [INFO] ImportTextPane:162 - (OptionalMessage_ERROR) IP (DMA) : Parameter (Instance) has Id (SPI1_TX) currently not set
2021-03-28 16:24:12,293 [INFO] ImportTextPane:162 - (OptionalMessage_ERROR) IP (DMA) : Parameter (Channel) has Id (SPI1_TX) currently not set
2021-03-28 16:24:12,293 [INFO] ImportTextPane:162 - (OptionalMessage_ERROR) IP (DMA) : Parameter (Direction) has Id (SPI1_TX) currently not set
2021-03-28 16:24:12,293 [INFO] ImportTextPane:162 - (OptionalMessage_ERROR) IP (DMA) : Parameter (PeriphInc) has Id (SPI1_TX) currently not set
2021-03-28 16:24:12,293 [INFO] ImportTextPane:162 - (OptionalMessage_ERROR) IP (DMA) : Parameter (MemInc) has Id (SPI1_TX) currently not set
2021-03-28 16:24:12,293 [INFO] ImportTextPane:162 - (OptionalMessage_ERROR) IP (DMA) : Parameter (PeriphDataAlignment) has Id (SPI1_TX) currently not set
2021-03-28 16:24:12,293 [INFO] ImportTextPane:162 - (OptionalMessage_ERROR) IP (DMA) : Parameter (MemDataAlignment) has Id (SPI1_TX) currently not set
2021-03-28 16:24:12,293 [INFO] ImportTextPane:162 - (OptionalMessage_ERROR) IP (DMA) : Parameter (Mode) has Id (SPI1_TX) currently not set
2021-03-28 16:24:12,293 [INFO] ImportTextPane:162 - (OptionalMessage_ERROR) IP (DMA) : Parameter (Priority) has Id (SPI1_TX) currently not set
2021-03-28 16:24:12,293 [INFO] ImportTextPane:162 - (OptionalMessage_ERROR) IP (DMA) : Parameter (FIFOMode) has Id (SPI1_TX) currently not set
2021-03-28 16:24:12,293 [INFO] ImportTextPane:162 - (OptionalMessage_ERROR) IP (DMA) : Parameter (Instance) has Id (USART2_RX) currently not set
2021-03-28 16:24:12,293 [INFO] ImportTextPane:162 - (OptionalMessage_ERROR) IP (DMA) : Parameter (Channel) has Id (USART2_RX) currently not set
2021-03-28 16:24:12,293 [INFO] ImportTextPane:162 - (OptionalMessage_ERROR) IP (DMA) : Parameter (Direction) has Id (USART2_RX) currently not set
2021-03-28 16:24:12,293 [INFO] ImportTextPane:162 - (OptionalMessage_ERROR) IP (DMA) : Parameter (PeriphInc) has Id (USART2_RX) currently not set
2021-03-28 16:24:12,293 [INFO] ImportTextPane:162 - (OptionalMessage_ERROR) IP (DMA) : Parameter (MemInc) has Id (USART2_RX) currently not set
2021-03-28 16:24:12,294 [INFO] ImportTextPane:162 - (OptionalMessage_ERROR) IP (DMA) : Parameter (PeriphDataAlignment) has Id (USART2_RX) currently not set
2021-03-28 16:24:12,294 [INFO] ImportTextPane:162 - (OptionalMessage_ERROR) IP (DMA) : Parameter (MemDataAlignment) has Id (USART2_RX) currently not set
2021-03-28 16:24:12,294 [INFO] ImportTextPane:162 - (OptionalMessage_ERROR) IP (DMA) : Parameter (Mode) has Id (USART2_RX) currently not set
2021-03-28 16:24:12,294 [INFO] ImportTextPane:162 - (OptionalMessage_ERROR) IP (DMA) : Parameter (Priority) has Id (USART2_RX) currently not set
2021-03-28 16:24:12,294 [INFO] ImportTextPane:162 - (OptionalMessage_ERROR) IP (DMA) : Parameter (FIFOMode) has Id (USART2_RX) currently not set
2021-03-28 16:24:12,294 [INFO] ImportTextPane:162 - (OptionalMessage_ERROR) IP (DMA) : Parameter (Instance) has Id (USART2_TX) currently not set
2021-03-28 16:24:12,294 [INFO] ImportTextPane:162 - (OptionalMessage_ERROR) IP (DMA) : Parameter (Channel) has Id (USART2_TX) currently not set
2021-03-28 16:24:12,294 [INFO] ImportTextPane:162 - (OptionalMessage_ERROR) IP (DMA) : Parameter (Direction) has Id (USART2_TX) currently not set
2021-03-28 16:24:12,294 [INFO] ImportTextPane:162 - (OptionalMessage_ERROR) IP (DMA) : Parameter (PeriphInc) has Id (USART2_TX) currently not set
2021-03-28 16:24:12,294 [INFO] ImportTextPane:162 - (OptionalMessage_ERROR) IP (DMA) : Parameter (MemInc) has Id (USART2_TX) currently not set
2021-03-28 16:24:12,294 [INFO] ImportTextPane:162 - (OptionalMessage_ERROR) IP (DMA) : Parameter (PeriphDataAlignment) has Id (USART2_TX) currently not set
2021-03-28 16:24:12,294 [INFO] ImportTextPane:162 - (OptionalMessage_ERROR) IP (DMA) : Parameter (MemDataAlignment) has Id (USART2_TX) currently not set
2021-03-28 16:24:12,294 [INFO] ImportTextPane:162 - (OptionalMessage_ERROR) IP (DMA) : Parameter (Mode) has Id (USART2_TX) currently not set
2021-03-28 16:24:12,294 [INFO] ImportTextPane:162 - (OptionalMessage_ERROR) IP (DMA) : Parameter (Priority) has Id (USART2_TX) currently not set
2021-03-28 16:24:12,294 [INFO] ImportTextPane:162 - (OptionalMessage_ERROR) IP (DMA) : Parameter (FIFOMode) has Id (USART2_TX) currently not set
2021-03-28 16:24:12,296 [INFO] ImportTextPane:162 - (OptionalMessage_ERROR) IP (RCC) : Parameter (RTCHSEDivFreq_Value) has invalid value (12500000)
2021-03-28 16:24:12,406 [INFO] UtilMem:74 - End LoadConfig() Used Memory: 459199448 Bytes (570425344)
2021-03-28 16:24:12,407 [WARN] ThirdParty:749 - waiting for thirdparty lock release [change project]
2021-03-28 16:24:12,407 [INFO] ThirdParty:751 - entering critical section [change project]
2021-03-28 16:24:12,407 [INFO] ThirdParty:939 - CMSIS Pack Vendor :RoweBots I-CUBE-UNISONRTOS 5.5.0-4
2021-03-28 16:24:12,407 [INFO] ThirdParty:939 - CMSIS Pack Vendor :STMicroelectronics X-CUBE-SFXS2LP1 3.0.0
2021-03-28 16:24:12,407 [INFO] ThirdParty:939 - CMSIS Pack Vendor :STMicroelectronics USB_HOST 2.0.0
2021-03-28 16:24:12,407 [INFO] ThirdParty:939 - CMSIS Pack Vendor :STMicroelectronics X-CUBE-SUBG2 3.0.1
2021-03-28 16:24:12,407 [INFO] ThirdParty:939 - CMSIS Pack Vendor :STMicroelectronics USB_DEVICE 3.0.0
2021-03-28 16:24:12,407 [INFO] ThirdParty:939 - CMSIS Pack Vendor :STMicroelectronics HAL Drivers 0.0.0
2021-03-28 16:24:12,407 [INFO] ThirdParty:939 - CMSIS Pack Vendor :STMicroelectronics MBEDTLS 2.16.2
2021-03-28 16:24:12,407 [INFO] ThirdParty:939 - CMSIS Pack Vendor :STMicroelectronics MBEDTLS 2.14.1
2021-03-28 16:24:12,407 [INFO] ThirdParty:939 - CMSIS Pack Vendor :STMicroelectronics X-CUBE-SUBG2 4.0.0
2021-03-28 16:24:12,407 [INFO] ThirdParty:939 - CMSIS Pack Vendor :STMicroelectronics X-CUBE-AZRTOS-H7 1.0.0
2021-03-28 16:24:12,407 [INFO] ThirdParty:939 - CMSIS Pack Vendor :STMicroelectronics USB_DEVICE 2.0.0
2021-03-28 16:24:12,408 [INFO] ThirdParty:939 - CMSIS Pack Vendor :STMicroelectronics X-CUBE-MEMS1 8.2.0
2021-03-28 16:24:12,408 [INFO] ThirdParty:939 - CMSIS Pack Vendor :STMicroelectronics FreeRTOS 0.0.1
2021-03-28 16:24:12,408 [INFO] ThirdParty:939 - CMSIS Pack Vendor :STMicroelectronics USB_DEVICE 1.0.0
2021-03-28 16:24:12,408 [INFO] ThirdParty:939 - CMSIS Pack Vendor :STMicroelectronics X-CUBE-AI 6.0.0
2021-03-28 16:24:12,408 [INFO] ThirdParty:939 - CMSIS Pack Vendor :STMicroelectronics X-CUBE-ALGOBUILD 1.2.0
2021-03-28 16:24:12,408 [INFO] ThirdParty:939 - CMSIS Pack Vendor :STMicroelectronics X-CUBE-GNSS1 5.2.0
2021-03-28 16:24:12,408 [INFO] ThirdParty:939 - CMSIS Pack Vendor :STMicroelectronics lwIP 2.0.3
2021-03-28 16:24:12,408 [INFO] ThirdParty:939 - CMSIS Pack Vendor :STMicroelectronics lwIP 2.1.2
2021-03-28 16:24:12,408 [INFO] ThirdParty:939 - CMSIS Pack Vendor :STMicroelectronics USB_HOST 1.0.0
2021-03-28 16:24:12,408 [INFO] ThirdParty:939 - CMSIS Pack Vendor :STMicroelectronics X-CUBE-NFC4 2.0.2
2021-03-28 16:24:12,408 [INFO] ThirdParty:939 - CMSIS Pack Vendor :wolfSSL I-CUBE-wolfSSL 4.7.0
2021-03-28 16:24:12,408 [INFO] ThirdParty:939 - CMSIS Pack Vendor :STMicroelectronics X-CUBE-TOUCHGFX 4.16.1
2021-03-28 16:24:12,408 [INFO] ThirdParty:939 - CMSIS Pack Vendor :STMicroelectronics PDM2PCM 3.1.0
2021-03-28 16:24:12,408 [INFO] ThirdParty:939 - CMSIS Pack Vendor :STMicroelectronics X-CUBE-TOUCHGFX 4.16.0
2021-03-28 16:24:12,408 [INFO] ThirdParty:939 - CMSIS Pack Vendor :STMicroelectronics PDM2PCM 3.2.0
2021-03-28 16:24:12,408 [INFO] ThirdParty:939 - CMSIS Pack Vendor :STMicroelectronics PDM2PCM 3.3.0
2021-03-28 16:24:12,408 [INFO] ThirdParty:939 - CMSIS Pack Vendor :STMicroelectronics X-CUBE-BLE2 3.2.0
2021-03-28 16:24:12,408 [INFO] ThirdParty:757 - exiting critical section [change project]
2021-03-28 16:24:12,523 [INFO] PinOutPanel:1434 - setPackage(No Configuration,No Configuration)
2021-03-28 16:24:12,524 [INFO] PinOutPanel:1434 - setPackage(STM32F401CCUx,UFQFPN48)
2021-03-28 16:24:12,724 [INFO] UtilMem:74 - Before build in PCC Used Memory: 384540512 Bytes (570425344)
2021-03-28 16:24:13,001 [INFO] SharedServices:72 - Folder for power plug-in: C:/Users/Pragun/.stm32cubemx/plugins/power
2021-03-28 16:24:13,026 [INFO] SharedServices:72 - Folder for power plug-in: C:/Users/Pragun/.stm32cubemx/plugins/power
2021-03-28 16:24:13,059 [INFO] SharedServices:72 - Folder for power plug-in: C:/Users/Pragun/.stm32cubemx/plugins/power
2021-03-28 16:24:13,062 [INFO] SharedServices:72 - Folder for power plug-in: C:/Users/Pragun/.stm32cubemx/plugins/power
2021-03-28 16:24:13,163 [INFO] UtilMem:74 - After build in PCC Used Memory: 440115040 Bytes (570425344)
2021-03-28 16:24:13,224 [INFO] ApiDbMcu:456 - Load IP Config File for USB_DEVICE
2021-03-28 16:24:13,239 [INFO] IPUIPlugin:64 - create IPUIPlugin
2021-03-28 16:24:13,239 [INFO] IPUIPlugin:64 - create IPUIPlugin
2021-03-28 16:24:13,239 [INFO] IPUIPlugin:64 - create IPUIPlugin
2021-03-28 16:24:13,239 [INFO] IPUIPlugin:64 - create IPUIPlugin
2021-03-28 16:24:13,239 [INFO] IPUIPlugin:64 - create IPUIPlugin
2021-03-28 16:24:13,239 [INFO] IPUIPlugin:64 - create IPUIPlugin
2021-03-28 16:24:13,240 [INFO] IPUIPlugin:64 - create IPUIPlugin
2021-03-28 16:24:13,240 [INFO] IPUIPlugin:64 - create IPUIPlugin
2021-03-28 16:24:13,240 [INFO] IPUIPlugin:64 - create IPUIPlugin
2021-03-28 16:24:13,240 [INFO] IPUIPlugin:64 - create IPUIPlugin
2021-03-28 16:24:13,240 [INFO] IPUIPlugin:64 - create IPUIPlugin
2021-03-28 16:24:13,240 [INFO] IPUIPlugin:64 - create IPUIPlugin
2021-03-28 16:24:13,240 [INFO] IPUIPlugin:64 - create IPUIPlugin
2021-03-28 16:24:13,240 [INFO] IPUIPlugin:64 - create IPUIPlugin
2021-03-28 16:24:13,241 [INFO] IPUIPlugin:64 - create IPUIPlugin
2021-03-28 16:24:13,241 [INFO] IPUIPlugin:64 - create IPUIPlugin
2021-03-28 16:24:13,241 [INFO] IPUIPlugin:64 - create IPUIPlugin
2021-03-28 16:24:13,241 [INFO] IPUIPlugin:64 - create IPUIPlugin
2021-03-28 16:24:13,241 [INFO] IPUIPlugin:64 - create IPUIPlugin
2021-03-28 16:24:13,241 [INFO] IPUIPlugin:64 - create IPUIPlugin
2021-03-28 16:24:13,241 [INFO] IPUIPlugin:64 - create IPUIPlugin
2021-03-28 16:24:13,242 [INFO] IPUIPlugin:64 - create IPUIPlugin
2021-03-28 16:24:13,242 [INFO] IPUIPlugin:64 - create IPUIPlugin
2021-03-28 16:24:13,242 [INFO] IPUIPlugin:64 - create IPUIPlugin
2021-03-28 16:24:13,242 [INFO] IPUIPlugin:64 - create IPUIPlugin
2021-03-28 16:24:13,243 [INFO] IPUIPlugin:64 - create IPUIPlugin
2021-03-28 16:24:13,243 [INFO] IPUIPlugin:64 - create IPUIPlugin
2021-03-28 16:24:13,243 [INFO] IPUIPlugin:64 - create IPUIPlugin
2021-03-28 16:24:13,243 [INFO] IPUIPlugin:64 - create IPUIPlugin
2021-03-28 16:24:13,243 [INFO] IPUIPlugin:64 - create IPUIPlugin
2021-03-28 16:24:13,244 [INFO] IPUIPlugin:64 - create IPUIPlugin
2021-03-28 16:24:13,244 [INFO] IPUIPlugin:64 - create IPUIPlugin
2021-03-28 16:24:13,244 [INFO] IPUIPlugin:64 - create IPUIPlugin
2021-03-28 16:24:13,244 [INFO] IPUIPlugin:64 - create IPUIPlugin
2021-03-28 16:24:13,245 [INFO] IPUIPlugin:64 - create IPUIPlugin
2021-03-28 16:24:13,245 [INFO] IPUIPlugin:64 - create IPUIPlugin
2021-03-28 16:24:13,245 [INFO] IPUIPlugin:64 - create IPUIPlugin
2021-03-28 16:24:13,250 [INFO] ApiDbMcu:456 - Load IP Config File for PDM2PCM
2021-03-28 16:24:13,273 [INFO] LogOutputStream:76 - [STDOUT_REDIRECT] toolchainItems.length=====1
2021-03-28 16:24:13,331 [INFO] OpenFileManager:294 - Restore cursor
2021-03-28 16:24:13,347 [INFO] UtilMem:74 - End SaveConfig() Used Memory: 466851688 Bytes (570425344)
2021-03-28 16:24:13,573 [INFO] UtilMem:74 - End SaveConfig() Used Memory: 423552560 Bytes (570425344)
2021-03-28 16:24:13,610 [INFO] UtilMem:74 - End SaveConfig() Used Memory: 429844016 Bytes (570425344)
2021-03-28 16:24:13,892 [INFO] BlockDiagram:2735 - set Specific Code input for plugin: SPI
2021-03-28 16:24:13,893 [INFO] BlockDiagram:2735 - set Specific Code input for plugin: USB_OTG_FS
2021-03-28 16:24:13,893 [INFO] BlockDiagram:2735 - set Specific Code input for plugin: NVIC
2021-03-28 16:24:13,893 [INFO] BlockDiagram:2735 - set Specific Code input for plugin: USART
2021-03-28 16:24:13,893 [INFO] BlockDiagram:2735 - set Specific Code input for plugin: TIM1_8
2021-03-28 16:24:13,893 [INFO] BlockDiagram:2735 - set Specific Code input for plugin: DMA
2021-03-28 16:24:13,893 [INFO] BlockDiagram:2735 - set Specific Code input for plugin: TIM1_8
2021-03-28 16:24:13,893 [INFO] BlockDiagram:2735 - set Specific Code input for plugin: TIM1_8
2021-03-28 16:24:13,893 [INFO] BlockDiagram:2735 - set Specific Code input for plugin: USB_DEVICE
2021-03-28 16:24:13,893 [INFO] BlockDiagram:2735 - set Specific Code input for plugin: TIM1_8
2021-03-28 16:24:13,893 [INFO] BlockDiagram:2735 - set Specific Code input for plugin: SYS
2021-03-28 16:24:13,893 [INFO] BlockDiagram:2735 - set Specific Code input for plugin: GPIO
2021-03-28 16:24:13,893 [INFO] BlockDiagram:2735 - set Specific Code input for plugin: RCC
2021-03-28 16:24:13,894 [INFO] CodeGenerator:639 - code generatio: config db path: C:/Users/Pragun/.stm32cubemx/databases/DB.5.0.40/db/
2021-03-28 16:24:14,189 [INFO] CodeEngine:229 - oldGeneratedFile, F:\dove_keyboard\stm32f4_usb_device\MXTmpFiles\license.tmp_save
2021-03-28 16:24:14,406 [INFO] CodeEngine:247 - Generated code: F:\dove_keyboard\stm32f4_usb_device\MXTmpFiles\license.tmp
2021-03-28 16:24:14,534 [INFO] CodeEngine:229 - oldGeneratedFile, F:\dove_keyboard\stm32f4_usb_device\MXTmpFiles\gpio.tmp_save
2021-03-28 16:24:14,592 [INFO] CodeEngine:247 - Generated code: F:\dove_keyboard\stm32f4_usb_device\MXTmpFiles\gpio.tmp
2021-03-28 16:24:14,593 [INFO] LogOutputStream:76 - [STDOUT_REDIRECT] Command line test
2021-03-28 16:24:14,650 [INFO] CodeEngine:229 - oldGeneratedFile, F:\dove_keyboard\stm32f4_usb_device\MXTmpFiles\usb_otg_fs_vars.tmp_save
2021-03-28 16:24:14,698 [INFO] CodeEngine:247 - Generated code: F:\dove_keyboard\stm32f4_usb_device\MXTmpFiles\usb_otg_fs_vars.tmp
2021-03-28 16:24:14,705 [INFO] CodeEngine:229 - oldGeneratedFile, F:\dove_keyboard\stm32f4_usb_device\MXTmpFiles\usb_otg_fs_inc.tmp_save
2021-03-28 16:24:14,736 [INFO] CodeEngine:247 - Generated code: F:\dove_keyboard\stm32f4_usb_device\MXTmpFiles\usb_otg_fs_inc.tmp
2021-03-28 16:24:14,758 [INFO] CodeEngine:229 - oldGeneratedFile, F:\dove_keyboard\stm32f4_usb_device\MXTmpFiles\usb_otg_fs_HalInit.tmp_save
2021-03-28 16:24:14,805 [INFO] CodeEngine:247 - Generated code: F:\dove_keyboard\stm32f4_usb_device\MXTmpFiles\usb_otg_fs_HalInit.tmp
2021-03-28 16:24:14,818 [INFO] CodeEngine:229 - oldGeneratedFile, F:\dove_keyboard\stm32f4_usb_device\MXTmpFiles\usb_otg_fs_Msp.tmp_save
2021-03-28 16:24:14,868 [INFO] CodeEngine:247 - Generated code: F:\dove_keyboard\stm32f4_usb_device\MXTmpFiles\usb_otg_fs_Msp.tmp
2021-03-28 16:24:15,311 [INFO] LogOutputStream:76 - [STDOUT_REDIRECT] Command line
2021-03-28 16:24:15,376 [INFO] CodeEngine:229 - oldGeneratedFile, F:\dove_keyboard\stm32f4_usb_device\MXTmpFiles\dma.tmp_save
2021-03-28 16:24:15,422 [INFO] CodeEngine:247 - Generated code: F:\dove_keyboard\stm32f4_usb_device\MXTmpFiles\dma.tmp
2021-03-28 16:24:15,426 [INFO] CodeEngine:229 - oldGeneratedFile, F:\dove_keyboard\stm32f4_usb_device\MXTmpFiles\dma_GV.tmp_save
2021-03-28 16:24:15,454 [INFO] CodeEngine:247 - Generated code: F:\dove_keyboard\stm32f4_usb_device\MXTmpFiles\dma_GV.tmp
2021-03-28 16:24:15,455 [INFO] LogOutputStream:76 - [STDOUT_REDIRECT] Command line
2021-03-28 16:24:15,456 [INFO] LogOutputStream:76 - [STDOUT_REDIRECT] Command line
2021-03-28 16:24:15,458 [INFO] LogOutputStream:76 - [STDOUT_REDIRECT] Command line
2021-03-28 16:24:15,459 [INFO] LogOutputStream:76 - [STDOUT_REDIRECT] Command line
2021-03-28 16:24:15,469 [INFO] Middleware:1252 - No code input for Bsp Dependency
2021-03-28 16:24:15,496 [INFO] CodeEngine:229 - oldGeneratedFile, F:\dove_keyboard\stm32f4_usb_device\USB_DEVICE\App\usb_device.c_save
2021-03-28 16:24:15,547 [INFO] CodeEngine:247 - Generated code: F:\dove_keyboard\stm32f4_usb_device\USB_DEVICE\App\usb_device.c
2021-03-28 16:24:15,551 [INFO] CodeEngine:229 - oldGeneratedFile, F:\dove_keyboard\stm32f4_usb_device\USB_DEVICE\App\usb_device.h_save
2021-03-28 16:24:15,589 [INFO] CodeEngine:247 - Generated code: F:\dove_keyboard\stm32f4_usb_device\USB_DEVICE\App\usb_device.h
2021-03-28 16:24:15,592 [INFO] CodeEngine:229 - oldGeneratedFile, F:\dove_keyboard\stm32f4_usb_device\USB_DEVICE\Target\usbd_conf.h_save
2021-03-28 16:24:15,638 [INFO] CodeEngine:247 - Generated code: F:\dove_keyboard\stm32f4_usb_device\USB_DEVICE\Target\usbd_conf.h
2021-03-28 16:24:15,650 [INFO] CodeEngine:229 - oldGeneratedFile, F:\dove_keyboard\stm32f4_usb_device\USB_DEVICE\Target\usbd_conf.c_save
2021-03-28 16:24:15,701 [INFO] CodeEngine:247 - Generated code: F:\dove_keyboard\stm32f4_usb_device\USB_DEVICE\Target\usbd_conf.c
2021-03-28 16:24:15,704 [INFO] CodeEngine:229 - oldGeneratedFile, F:\dove_keyboard\stm32f4_usb_device\USB_DEVICE\App\usbd_desc.h_save
2021-03-28 16:24:15,743 [INFO] CodeEngine:247 - Generated code: F:\dove_keyboard\stm32f4_usb_device\USB_DEVICE\App\usbd_desc.h
2021-03-28 16:24:15,753 [INFO] CodeEngine:229 - oldGeneratedFile, F:\dove_keyboard\stm32f4_usb_device\USB_DEVICE\App\usbd_desc.c_save
2021-03-28 16:24:15,803 [INFO] CodeEngine:247 - Generated code: F:\dove_keyboard\stm32f4_usb_device\USB_DEVICE\App\usbd_desc.c
2021-03-28 16:24:15,833 [INFO] CodeEngine:229 - oldGeneratedFile, F:\dove_keyboard\stm32f4_usb_device\Core\Src\stm32f4xx_it.c_save
2021-03-28 16:24:15,895 [INFO] CodeEngine:247 - Generated code: F:\dove_keyboard\stm32f4_usb_device\Core\Src\stm32f4xx_it.c
2021-03-28 16:24:15,897 [INFO] CodeEngine:229 - oldGeneratedFile, F:\dove_keyboard\stm32f4_usb_device\Core\Inc\stm32f4xx_it.h_save
2021-03-28 16:24:15,928 [INFO] CodeEngine:247 - Generated code: F:\dove_keyboard\stm32f4_usb_device\Core\Inc\stm32f4xx_it.h
2021-03-28 16:24:15,955 [INFO] CodeEngine:229 - oldGeneratedFile, F:\dove_keyboard\stm32f4_usb_device\Core\Src\stm32f4xx_hal_msp.c_save
2021-03-28 16:24:16,044 [INFO] CodeEngine:247 - Generated code: F:\dove_keyboard\stm32f4_usb_device\Core\Src\stm32f4xx_hal_msp.c
2021-03-28 16:24:16,051 [INFO] CodeEngine:229 - oldGeneratedFile, F:\dove_keyboard\stm32f4_usb_device\MXTmpFiles\system.tmp_save
2021-03-28 16:24:16,083 [INFO] CodeEngine:247 - Generated code: F:\dove_keyboard\stm32f4_usb_device\MXTmpFiles\system.tmp
2021-03-28 16:24:16,107 [INFO] CodeEngine:229 - oldGeneratedFile, F:\dove_keyboard\stm32f4_usb_device\Core\Inc\stm32f4xx_hal_conf.h_save
2021-03-28 16:24:16,160 [INFO] CodeEngine:247 - Generated code: F:\dove_keyboard\stm32f4_usb_device\Core\Inc\stm32f4xx_hal_conf.h
2021-03-28 16:24:16,184 [WARN] IPConfigManager:2967 - IP not found : TIM
2021-03-28 16:24:16,185 [WARN] CodeGenerator:3177 - IP not found : null
2021-03-28 16:24:16,210 [INFO] CodeEngine:229 - oldGeneratedFile, F:\dove_keyboard\stm32f4_usb_device\Core\Inc\main.h_save
2021-03-28 16:24:16,256 [INFO] CodeEngine:247 - Generated code: F:\dove_keyboard\stm32f4_usb_device\Core\Inc\main.h
2021-03-28 16:24:16,266 [INFO] CodeEngine:229 - oldGeneratedFile, F:\dove_keyboard\stm32f4_usb_device\Core\Src\main.c_save
2021-03-28 16:24:16,335 [INFO] CodeEngine:247 - Generated code: F:\dove_keyboard\stm32f4_usb_device\Core\Src\main.c
2021-03-28 16:24:17,156 [INFO] ProjectBuilder:2328 - Time for Copy HAL[1] : 448mS.
2021-03-28 16:24:17,178 [INFO] ProjectBuilder:3259 - Project Generator version: 3.11.0-B13
2021-03-28 16:24:17,368 [INFO] ConfigFileManager:1238 - The Die is : DIE423
2021-03-28 16:24:17,381 [INFO] ApiDbMcu:456 - Load IP Config File for FATFS
2021-03-28 16:24:17,404 [INFO] ApiDbMcu:456 - Load IP Config File for FREERTOS
2021-03-28 16:24:17,430 [INFO] ApiDbMcu:456 - Load IP Config File for LIBJPEG
2021-03-28 16:24:17,463 [INFO] ApiDbMcu:456 - Load IP Config File for MBEDTLS
2021-03-28 16:24:17,476 [INFO] ApiDbMcu:456 - Load IP Config File for USB_HOST
2021-03-28 16:24:18,959 [INFO] ProjectBuilder:3425 - Time for Generating toolchain IDE Files: 1781mS.
2021-03-28 16:24:18,960 [INFO] ProjectBuilder:2207 - Time for Copy CMSIS : 1mS.
2021-03-28 16:24:18,961 [INFO] ProjectBuilder:2207 - Time for Copy CMSIS : 0mS.
2021-03-28 16:24:19,641 [INFO] ApiDb:263 - Save user favorites file C:\Users\Pragun/.stm32cubeide/favorites.mcus.txt: 0 item(s)
2021-03-28 16:24:19,641 [INFO] ApiDb:267 - User favorites MCUs=[]
2021-03-28 16:57:30,468 [INFO] Activator:170 - 


2021-03-28 16:57:30,470 [INFO] Activator:171 - !SESSION log4j initialized
2021-03-28 17:06:56,954 [INFO] Activator:170 - 


2021-03-28 17:06:56,956 [INFO] Activator:171 - !SESSION log4j initialized
2021-03-28 17:11:40,590 [INFO] Activator:170 - 


2021-03-28 17:11:40,591 [INFO] Activator:171 - !SESSION log4j initialized
2021-03-28 17:19:49,935 [INFO] Activator:170 - 


2021-03-28 17:19:49,937 [INFO] Activator:171 - !SESSION log4j initialized
2021-03-28 21:21:47,202 [INFO] Activator:170 - 


2021-03-28 21:21:47,204 [INFO] Activator:171 - !SESSION log4j initialized
2021-03-29 12:13:57,357 [INFO] Activator:170 - 


2021-03-29 12:13:57,359 [INFO] Activator:171 - !SESSION log4j initialized
